{"C:\\Users\\wskim\\workspace\\linker\\front\\react-seed-project\\src\\App.tsx": {"path":"C:\\Users\\wskim\\workspace\\linker\\front\\react-seed-project\\src\\App.tsx","statementMap":{"0":{"start":{"line":5,"column":2},"end":{"line":22,"column":4}}},"fnMap":{"0":{"name":"App","decl":{"start":{"line":4,"column":9},"end":{"line":4,"column":12}},"loc":{"start":{"line":4,"column":15},"end":{"line":23,"column":1}},"line":4}},"branchMap":{},"s":{"0":1},"f":{"0":1},"b":{},"_coverageSchema":"1a1c01bbd47fc00a2c39e90264f33305004495a9","hash":"a5d3eb14c61a3f1c97c03ec450f70602226416a8"}
,"C:\\Users\\wskim\\workspace\\linker\\front\\react-seed-project\\src\\index.tsx": {"path":"C:\\Users\\wskim\\workspace\\linker\\front\\react-seed-project\\src\\index.tsx","statementMap":{"0":{"start":{"line":7,"column":13},"end":{"line":9,"column":1}},"1":{"start":{"line":10,"column":0},"end":{"line":14,"column":2}},"2":{"start":{"line":19,"column":0},"end":{"line":19,"column":18}}},"fnMap":{},"branchMap":{},"s":{"0":0,"1":0,"2":0},"f":{},"b":{}}
,"C:\\Users\\wskim\\workspace\\linker\\front\\react-seed-project\\src\\common\\webview\\index.ts": {"path":"C:\\Users\\wskim\\workspace\\linker\\front\\react-seed-project\\src\\common\\webview\\index.ts","statementMap":{},"fnMap":{},"branchMap":{},"s":{},"f":{},"b":{}}
,"C:\\Users\\wskim\\workspace\\linker\\front\\react-seed-project\\src\\common\\webview\\initialize.ts": {"path":"C:\\Users\\wskim\\workspace\\linker\\front\\react-seed-project\\src\\common\\webview\\initialize.ts","statementMap":{"0":{"start":{"line":40,"column":2},"end":{"line":40,"column":57}},"1":{"start":{"line":41,"column":2},"end":{"line":41,"column":70}},"2":{"start":{"line":58,"column":2},"end":{"line":58,"column":37}},"3":{"start":{"line":60,"column":2},"end":{"line":63,"column":3}},"4":{"start":{"line":61,"column":4},"end":{"line":61,"column":44}},"5":{"start":{"line":62,"column":4},"end":{"line":62,"column":28}},"6":{"start":{"line":82,"column":2},"end":{"line":114,"column":3}},"7":{"start":{"line":83,"column":30},"end":{"line":104,"column":5}},"8":{"start":{"line":84,"column":6},"end":{"line":103,"column":7}},"9":{"start":{"line":85,"column":8},"end":{"line":95,"column":9}},"10":{"start":{"line":86,"column":10},"end":{"line":86,"column":73}},"11":{"start":{"line":88,"column":43},"end":{"line":91,"column":11}},"12":{"start":{"line":92,"column":10},"end":{"line":94,"column":12}},"13":{"start":{"line":99,"column":8},"end":{"line":99,"column":74}},"14":{"start":{"line":100,"column":8},"end":{"line":102,"column":10}},"15":{"start":{"line":108,"column":4},"end":{"line":110,"column":5}},"16":{"start":{"line":109,"column":6},"end":{"line":109,"column":53}},"17":{"start":{"line":111,"column":4},"end":{"line":113,"column":5}},"18":{"start":{"line":112,"column":6},"end":{"line":112,"column":53}}},"fnMap":{"0":{"name":"initInterface","decl":{"start":{"line":33,"column":16},"end":{"line":33,"column":29}},"loc":{"start":{"line":39,"column":2},"end":{"line":42,"column":1}},"line":39},"1":{"name":"_initJavascriptInterface","decl":{"start":{"line":53,"column":16},"end":{"line":53,"column":40}},"loc":{"start":{"line":57,"column":2},"end":{"line":64,"column":1}},"line":57},"2":{"name":"_initNativeInterface","decl":{"start":{"line":76,"column":16},"end":{"line":76,"column":36}},"loc":{"start":{"line":81,"column":2},"end":{"line":115,"column":1}},"line":81},"3":{"name":"(anonymous_3)","decl":{"start":{"line":83,"column":30},"end":{"line":83,"column":31}},"loc":{"start":{"line":83,"column":70},"end":{"line":104,"column":5}},"line":83}},"branchMap":{"0":{"loc":{"start":{"line":37,"column":2},"end":{"line":37,"column":47}},"type":"default-arg","locations":[{"start":{"line":37,"column":30},"end":{"line":37,"column":47}}],"line":37},"1":{"loc":{"start":{"line":38,"column":2},"end":{"line":38,"column":21}},"type":"default-arg","locations":[{"start":{"line":38,"column":15},"end":{"line":38,"column":21}}],"line":38},"2":{"loc":{"start":{"line":56,"column":2},"end":{"line":56,"column":21}},"type":"default-arg","locations":[{"start":{"line":56,"column":15},"end":{"line":56,"column":21}}],"line":56},"3":{"loc":{"start":{"line":60,"column":2},"end":{"line":63,"column":3}},"type":"if","locations":[{"start":{"line":60,"column":2},"end":{"line":63,"column":3}},{"start":{},"end":{}}],"line":60},"4":{"loc":{"start":{"line":60,"column":6},"end":{"line":60,"column":56}},"type":"binary-expr","locations":[{"start":{"line":60,"column":6},"end":{"line":60,"column":24}},{"start":{"line":60,"column":28},"end":{"line":60,"column":56}}],"line":60},"5":{"loc":{"start":{"line":80,"column":2},"end":{"line":80,"column":21}},"type":"default-arg","locations":[{"start":{"line":80,"column":15},"end":{"line":80,"column":21}}],"line":80},"6":{"loc":{"start":{"line":82,"column":2},"end":{"line":114,"column":3}},"type":"if","locations":[{"start":{"line":82,"column":2},"end":{"line":114,"column":3}},{"start":{},"end":{}}],"line":82},"7":{"loc":{"start":{"line":84,"column":6},"end":{"line":103,"column":7}},"type":"if","locations":[{"start":{"line":84,"column":6},"end":{"line":103,"column":7}},{"start":{"line":96,"column":13},"end":{"line":103,"column":7}}],"line":84},"8":{"loc":{"start":{"line":85,"column":8},"end":{"line":95,"column":9}},"type":"if","locations":[{"start":{"line":85,"column":8},"end":{"line":95,"column":9}},{"start":{},"end":{}}],"line":85},"9":{"loc":{"start":{"line":90,"column":12},"end":{"line":90,"column":27}},"type":"binary-expr","locations":[{"start":{"line":90,"column":12},"end":{"line":90,"column":21}},{"start":{"line":90,"column":25},"end":{"line":90,"column":27}}],"line":90},"10":{"loc":{"start":{"line":108,"column":4},"end":{"line":110,"column":5}},"type":"if","locations":[{"start":{"line":108,"column":4},"end":{"line":110,"column":5}},{"start":{},"end":{}}],"line":108},"11":{"loc":{"start":{"line":111,"column":4},"end":{"line":113,"column":5}},"type":"if","locations":[{"start":{"line":111,"column":4},"end":{"line":113,"column":5}},{"start":{},"end":{}}],"line":111}},"s":{"0":0,"1":0,"2":0,"3":0,"4":0,"5":0,"6":0,"7":0,"8":0,"9":0,"10":0,"11":0,"12":0,"13":0,"14":0,"15":0,"16":0,"17":0,"18":0},"f":{"0":0,"1":0,"2":0,"3":0},"b":{"0":[0],"1":[0],"2":[0],"3":[0,0],"4":[0,0],"5":[0],"6":[0,0],"7":[0,0],"8":[0,0],"9":[0,0],"10":[0,0],"11":[0,0]}}
,"C:\\Users\\wskim\\workspace\\linker\\front\\react-seed-project\\src\\common\\webview\\interface.ts": {"path":"C:\\Users\\wskim\\workspace\\linker\\front\\react-seed-project\\src\\common\\webview\\interface.ts","statementMap":{"0":{"start":{"line":58,"column":38},"end":{"line":58,"column":40}},"1":{"start":{"line":67,"column":4},"end":{"line":67,"column":62}},"2":{"start":{"line":78,"column":4},"end":{"line":78,"column":25}},"3":{"start":{"line":93,"column":4},"end":{"line":106,"column":5}},"4":{"start":{"line":98,"column":8},"end":{"line":98,"column":39}},"5":{"start":{"line":99,"column":8},"end":{"line":99,"column":14}},"6":{"start":{"line":104,"column":8},"end":{"line":104,"column":53}},"7":{"start":{"line":105,"column":8},"end":{"line":105,"column":14}},"8":{"start":{"line":118,"column":4},"end":{"line":118,"column":37}},"9":{"start":{"line":137,"column":21},"end":{"line":137,"column":48}},"10":{"start":{"line":138,"column":4},"end":{"line":150,"column":5}},"11":{"start":{"line":139,"column":25},"end":{"line":139,"column":41}},"12":{"start":{"line":140,"column":6},"end":{"line":149,"column":7}},"13":{"start":{"line":141,"column":8},"end":{"line":143,"column":9}},"14":{"start":{"line":142,"column":10},"end":{"line":142,"column":39}},"15":{"start":{"line":146,"column":8},"end":{"line":148,"column":9}},"16":{"start":{"line":147,"column":10},"end":{"line":147,"column":36}},"17":{"start":{"line":152,"column":4},"end":{"line":154,"column":5}},"18":{"start":{"line":153,"column":6},"end":{"line":153,"column":41}},"19":{"start":{"line":185,"column":4},"end":{"line":190,"column":6}},"20":{"start":{"line":211,"column":23},"end":{"line":211,"column":71}},"21":{"start":{"line":212,"column":4},"end":{"line":212,"column":51}},"22":{"start":{"line":229,"column":21},"end":{"line":229,"column":30}},"23":{"start":{"line":230,"column":4},"end":{"line":237,"column":5}},"24":{"start":{"line":231,"column":6},"end":{"line":231,"column":36}},"25":{"start":{"line":232,"column":6},"end":{"line":232,"column":28}},"26":{"start":{"line":233,"column":6},"end":{"line":236,"column":8}},"27":{"start":{"line":238,"column":4},"end":{"line":238,"column":22}}},"fnMap":{"0":{"name":"(anonymous_0)","decl":{"start":{"line":66,"column":2},"end":{"line":66,"column":3}},"loc":{"start":{"line":66,"column":16},"end":{"line":68,"column":3}},"line":66},"1":{"name":"(anonymous_1)","decl":{"start":{"line":77,"column":2},"end":{"line":77,"column":3}},"loc":{"start":{"line":77,"column":20},"end":{"line":79,"column":3}},"line":77},"2":{"name":"(anonymous_2)","decl":{"start":{"line":89,"column":2},"end":{"line":89,"column":3}},"loc":{"start":{"line":89,"column":51},"end":{"line":107,"column":3}},"line":89},"3":{"name":"(anonymous_3)","decl":{"start":{"line":117,"column":2},"end":{"line":117,"column":3}},"loc":{"start":{"line":117,"column":54},"end":{"line":119,"column":3}},"line":117},"4":{"name":"(anonymous_4)","decl":{"start":{"line":131,"column":2},"end":{"line":131,"column":3}},"loc":{"start":{"line":136,"column":4},"end":{"line":155,"column":3}},"line":136},"5":{"name":"(anonymous_5)","decl":{"start":{"line":171,"column":2},"end":{"line":171,"column":3}},"loc":{"start":{"line":184,"column":4},"end":{"line":191,"column":3}},"line":184},"6":{"name":"(anonymous_6)","decl":{"start":{"line":205,"column":2},"end":{"line":205,"column":3}},"loc":{"start":{"line":210,"column":4},"end":{"line":213,"column":3}},"line":210},"7":{"name":"(anonymous_7)","decl":{"start":{"line":225,"column":2},"end":{"line":225,"column":3}},"loc":{"start":{"line":228,"column":4},"end":{"line":239,"column":3}},"line":228}},"branchMap":{"0":{"loc":{"start":{"line":93,"column":4},"end":{"line":106,"column":5}},"type":"switch","locations":[{"start":{"line":97,"column":6},"end":{"line":99,"column":14}},{"start":{"line":103,"column":6},"end":{"line":105,"column":14}}],"line":93},"1":{"loc":{"start":{"line":134,"column":4},"end":{"line":134,"column":20}},"type":"default-arg","locations":[{"start":{"line":134,"column":16},"end":{"line":134,"column":20}}],"line":134},"2":{"loc":{"start":{"line":135,"column":4},"end":{"line":135,"column":23}},"type":"default-arg","locations":[{"start":{"line":135,"column":19},"end":{"line":135,"column":23}}],"line":135},"3":{"loc":{"start":{"line":138,"column":4},"end":{"line":150,"column":5}},"type":"if","locations":[{"start":{"line":138,"column":4},"end":{"line":150,"column":5}},{"start":{},"end":{}}],"line":138},"4":{"loc":{"start":{"line":140,"column":6},"end":{"line":149,"column":7}},"type":"if","locations":[{"start":{"line":140,"column":6},"end":{"line":149,"column":7}},{"start":{"line":144,"column":13},"end":{"line":149,"column":7}}],"line":140},"5":{"loc":{"start":{"line":141,"column":8},"end":{"line":143,"column":9}},"type":"if","locations":[{"start":{"line":141,"column":8},"end":{"line":143,"column":9}},{"start":{},"end":{}}],"line":141},"6":{"loc":{"start":{"line":146,"column":8},"end":{"line":148,"column":9}},"type":"if","locations":[{"start":{"line":146,"column":8},"end":{"line":148,"column":9}},{"start":{},"end":{}}],"line":146},"7":{"loc":{"start":{"line":152,"column":4},"end":{"line":154,"column":5}},"type":"if","locations":[{"start":{"line":152,"column":4},"end":{"line":154,"column":5}},{"start":{},"end":{}}],"line":152},"8":{"loc":{"start":{"line":183,"column":4},"end":{"line":183,"column":68}},"type":"default-arg","locations":[{"start":{"line":183,"column":44},"end":{"line":183,"column":68}}],"line":183},"9":{"loc":{"start":{"line":209,"column":4},"end":{"line":209,"column":68}},"type":"default-arg","locations":[{"start":{"line":209,"column":44},"end":{"line":209,"column":68}}],"line":209},"10":{"loc":{"start":{"line":227,"column":4},"end":{"line":227,"column":68}},"type":"default-arg","locations":[{"start":{"line":227,"column":44},"end":{"line":227,"column":68}}],"line":227},"11":{"loc":{"start":{"line":230,"column":4},"end":{"line":237,"column":5}},"type":"if","locations":[{"start":{"line":230,"column":4},"end":{"line":237,"column":5}},{"start":{},"end":{}}],"line":230},"12":{"loc":{"start":{"line":230,"column":8},"end":{"line":230,"column":39}},"type":"binary-expr","locations":[{"start":{"line":230,"column":8},"end":{"line":230,"column":23}},{"start":{"line":230,"column":27},"end":{"line":230,"column":39}}],"line":230}},"s":{"0":0,"1":0,"2":0,"3":0,"4":0,"5":0,"6":0,"7":0,"8":0,"9":0,"10":0,"11":0,"12":0,"13":0,"14":0,"15":0,"16":0,"17":0,"18":0,"19":0,"20":0,"21":0,"22":0,"23":0,"24":0,"25":0,"26":0,"27":0},"f":{"0":0,"1":0,"2":0,"3":0,"4":0,"5":0,"6":0,"7":0},"b":{"0":[0,0],"1":[0],"2":[0],"3":[0,0],"4":[0,0],"5":[0,0],"6":[0,0],"7":[0,0],"8":[0],"9":[0],"10":[0],"11":[0,0],"12":[0,0]}}
,"C:\\Users\\wskim\\workspace\\linker\\front\\react-seed-project\\src\\common\\webview\\interface.type.ts": {"path":"C:\\Users\\wskim\\workspace\\linker\\front\\react-seed-project\\src\\common\\webview\\interface.type.ts","statementMap":{},"fnMap":{},"branchMap":{},"s":{},"f":{},"b":{}}
,"C:\\Users\\wskim\\workspace\\linker\\front\\react-seed-project\\src\\common\\webview\\type.d.ts": {"path":"C:\\Users\\wskim\\workspace\\linker\\front\\react-seed-project\\src\\common\\webview\\type.d.ts","statementMap":{},"fnMap":{},"branchMap":{},"s":{},"f":{},"b":{}}
,"C:\\Users\\wskim\\workspace\\linker\\front\\react-seed-project\\src\\common\\webview\\helper\\eventHandler.ts": {"path":"C:\\Users\\wskim\\workspace\\linker\\front\\react-seed-project\\src\\common\\webview\\helper\\eventHandler.ts","statementMap":{"0":{"start":{"line":11,"column":2},"end":{"line":15,"column":4}},"1":{"start":{"line":26,"column":2},"end":{"line":26,"column":27}},"2":{"start":{"line":30,"column":2},"end":{"line":34,"column":3}},"3":{"start":{"line":31,"column":4},"end":{"line":31,"column":20}},"4":{"start":{"line":33,"column":4},"end":{"line":33,"column":17}},"5":{"start":{"line":35,"column":2},"end":{"line":35,"column":14}},"6":{"start":{"line":46,"column":2},"end":{"line":50,"column":3}},"7":{"start":{"line":47,"column":4},"end":{"line":47,"column":27}},"8":{"start":{"line":49,"column":4},"end":{"line":49,"column":15}}},"fnMap":{"0":{"name":"dispatchJsEvent","decl":{"start":{"line":10,"column":16},"end":{"line":10,"column":31}},"loc":{"start":{"line":10,"column":70},"end":{"line":16,"column":1}},"line":10},"1":{"name":"onInterfaceErrorCallback","decl":{"start":{"line":25,"column":16},"end":{"line":25,"column":40}},"loc":{"start":{"line":25,"column":51},"end":{"line":27,"column":1}},"line":25},"2":{"name":"isJsonString","decl":{"start":{"line":29,"column":9},"end":{"line":29,"column":21}},"loc":{"start":{"line":29,"column":35},"end":{"line":36,"column":1}},"line":29},"3":{"name":"toJson","decl":{"start":{"line":45,"column":9},"end":{"line":45,"column":15}},"loc":{"start":{"line":45,"column":29},"end":{"line":51,"column":1}},"line":45}},"branchMap":{},"s":{"0":0,"1":0,"2":0,"3":0,"4":0,"5":0,"6":0,"7":0,"8":0},"f":{"0":0,"1":0,"2":0,"3":0},"b":{}}
,"C:\\Users\\wskim\\workspace\\linker\\front\\react-seed-project\\src\\common\\webview\\helper\\getInterface.ts": {"path":"C:\\Users\\wskim\\workspace\\linker\\front\\react-seed-project\\src\\common\\webview\\helper\\getInterface.ts","statementMap":{"0":{"start":{"line":13,"column":20},"end":{"line":13,"column":45}},"1":{"start":{"line":14,"column":2},"end":{"line":16,"column":3}},"2":{"start":{"line":15,"column":4},"end":{"line":15,"column":65}},"3":{"start":{"line":17,"column":2},"end":{"line":17,"column":19}},"4":{"start":{"line":28,"column":2},"end":{"line":31,"column":3}},"5":{"start":{"line":29,"column":24},"end":{"line":29,"column":50}},"6":{"start":{"line":30,"column":4},"end":{"line":30,"column":23}},"7":{"start":{"line":32,"column":2},"end":{"line":32,"column":19}}},"fnMap":{"0":{"name":"getNativeInterface","decl":{"start":{"line":12,"column":16},"end":{"line":12,"column":34}},"loc":{"start":{"line":12,"column":56},"end":{"line":18,"column":1}},"line":12},"1":{"name":"getWebInterface","decl":{"start":{"line":27,"column":16},"end":{"line":27,"column":31}},"loc":{"start":{"line":27,"column":34},"end":{"line":33,"column":1}},"line":27}},"branchMap":{"0":{"loc":{"start":{"line":13,"column":20},"end":{"line":13,"column":45}},"type":"binary-expr","locations":[{"start":{"line":13,"column":20},"end":{"line":13,"column":28}},{"start":{"line":13,"column":32},"end":{"line":13,"column":45}}],"line":13},"1":{"loc":{"start":{"line":14,"column":2},"end":{"line":16,"column":3}},"type":"if","locations":[{"start":{"line":14,"column":2},"end":{"line":16,"column":3}},{"start":{},"end":{}}],"line":14},"2":{"loc":{"start":{"line":14,"column":6},"end":{"line":14,"column":48}},"type":"binary-expr","locations":[{"start":{"line":14,"column":6},"end":{"line":14,"column":25}},{"start":{"line":14,"column":29},"end":{"line":14,"column":48}}],"line":14},"3":{"loc":{"start":{"line":15,"column":11},"end":{"line":15,"column":64}},"type":"binary-expr","locations":[{"start":{"line":15,"column":11},"end":{"line":15,"column":32}},{"start":{"line":15,"column":36},"end":{"line":15,"column":64}}],"line":15},"4":{"loc":{"start":{"line":28,"column":2},"end":{"line":31,"column":3}},"type":"if","locations":[{"start":{"line":28,"column":2},"end":{"line":31,"column":3}},{"start":{},"end":{}}],"line":28}},"s":{"0":0,"1":0,"2":0,"3":0,"4":0,"5":0,"6":0,"7":0},"f":{"0":0,"1":0},"b":{"0":[0,0],"1":[0,0],"2":[0,0],"3":[0,0],"4":[0,0]}}
,"C:\\Users\\wskim\\workspace\\linker\\front\\react-seed-project\\src\\common\\webview\\helper\\getPlatform.ts": {"path":"C:\\Users\\wskim\\workspace\\linker\\front\\react-seed-project\\src\\common\\webview\\helper\\getPlatform.ts","statementMap":{"0":{"start":{"line":11,"column":2},"end":{"line":13,"column":3}},"1":{"start":{"line":12,"column":4},"end":{"line":12,"column":21}},"2":{"start":{"line":14,"column":24},"end":{"line":14,"column":33}},"3":{"start":{"line":15,"column":2},"end":{"line":21,"column":3}},"4":{"start":{"line":16,"column":4},"end":{"line":16,"column":17}},"5":{"start":{"line":17,"column":9},"end":{"line":21,"column":3}},"6":{"start":{"line":18,"column":4},"end":{"line":18,"column":17}},"7":{"start":{"line":20,"column":4},"end":{"line":20,"column":21}},"8":{"start":{"line":32,"column":13},"end":{"line":32,"column":45}},"9":{"start":{"line":33,"column":23},"end":{"line":33,"column":32}},"10":{"start":{"line":34,"column":2},"end":{"line":34,"column":49}},"11":{"start":{"line":46,"column":2},"end":{"line":46,"column":50}},"12":{"start":{"line":58,"column":2},"end":{"line":58,"column":28}},"13":{"start":{"line":70,"column":2},"end":{"line":70,"column":28}}},"fnMap":{"0":{"name":"getPlatform","decl":{"start":{"line":10,"column":16},"end":{"line":10,"column":27}},"loc":{"start":{"line":10,"column":40},"end":{"line":22,"column":1}},"line":10},"1":{"name":"isPC","decl":{"start":{"line":31,"column":16},"end":{"line":31,"column":20}},"loc":{"start":{"line":31,"column":23},"end":{"line":35,"column":1}},"line":31},"2":{"name":"isNative","decl":{"start":{"line":45,"column":16},"end":{"line":45,"column":24}},"loc":{"start":{"line":45,"column":51},"end":{"line":47,"column":1}},"line":45},"3":{"name":"isIOS","decl":{"start":{"line":57,"column":16},"end":{"line":57,"column":21}},"loc":{"start":{"line":57,"column":42},"end":{"line":59,"column":1}},"line":57},"4":{"name":"isAOS","decl":{"start":{"line":69,"column":16},"end":{"line":69,"column":21}},"loc":{"start":{"line":69,"column":42},"end":{"line":71,"column":1}},"line":69}},"branchMap":{"0":{"loc":{"start":{"line":11,"column":2},"end":{"line":13,"column":3}},"type":"if","locations":[{"start":{"line":11,"column":2},"end":{"line":13,"column":3}},{"start":{},"end":{}}],"line":11},"1":{"loc":{"start":{"line":15,"column":2},"end":{"line":21,"column":3}},"type":"if","locations":[{"start":{"line":15,"column":2},"end":{"line":21,"column":3}},{"start":{"line":17,"column":9},"end":{"line":21,"column":3}}],"line":15},"2":{"loc":{"start":{"line":15,"column":6},"end":{"line":15,"column":55}},"type":"binary-expr","locations":[{"start":{"line":15,"column":6},"end":{"line":15,"column":32}},{"start":{"line":15,"column":36},"end":{"line":15,"column":55}}],"line":15},"3":{"loc":{"start":{"line":17,"column":9},"end":{"line":21,"column":3}},"type":"if","locations":[{"start":{"line":17,"column":9},"end":{"line":21,"column":3}},{"start":{"line":19,"column":9},"end":{"line":21,"column":3}}],"line":17},"4":{"loc":{"start":{"line":45,"column":25},"end":{"line":45,"column":49}},"type":"default-arg","locations":[{"start":{"line":45,"column":36},"end":{"line":45,"column":49}}],"line":45},"5":{"loc":{"start":{"line":46,"column":9},"end":{"line":46,"column":49}},"type":"binary-expr","locations":[{"start":{"line":46,"column":9},"end":{"line":46,"column":27}},{"start":{"line":46,"column":31},"end":{"line":46,"column":49}}],"line":46}},"s":{"0":0,"1":0,"2":0,"3":0,"4":0,"5":0,"6":0,"7":0,"8":0,"9":0,"10":0,"11":0,"12":0,"13":0},"f":{"0":0,"1":0,"2":0,"3":0,"4":0},"b":{"0":[0,0],"1":[0,0],"2":[0,0],"3":[0,0],"4":[0],"5":[0,0]}}
,"C:\\Users\\wskim\\workspace\\linker\\front\\react-seed-project\\src\\common\\webview\\impl\\bridgeInterface.callee.ts": {"path":"C:\\Users\\wskim\\workspace\\linker\\front\\react-seed-project\\src\\common\\webview\\impl\\bridgeInterface.callee.ts","statementMap":{"0":{"start":{"line":30,"column":17},"end":{"line":30,"column":51}},"1":{"start":{"line":31,"column":2},"end":{"line":35,"column":3}},"2":{"start":{"line":32,"column":4},"end":{"line":32,"column":23}},"3":{"start":{"line":34,"column":4},"end":{"line":34,"column":55}},"4":{"start":{"line":47,"column":22},"end":{"line":47,"column":61}},"5":{"start":{"line":48,"column":2},"end":{"line":57,"column":3}},"6":{"start":{"line":50,"column":37},"end":{"line":55,"column":5}},"7":{"start":{"line":51,"column":6},"end":{"line":53,"column":7}},"8":{"start":{"line":52,"column":8},"end":{"line":52,"column":39}},"9":{"start":{"line":54,"column":6},"end":{"line":54,"column":45}},"10":{"start":{"line":56,"column":4},"end":{"line":56,"column":19}},"11":{"start":{"line":58,"column":2},"end":{"line":58,"column":19}}},"fnMap":{"0":{"name":"nativeBridgeInterfaceCallee","decl":{"start":{"line":26,"column":16},"end":{"line":26,"column":43}},"loc":{"start":{"line":29,"column":2},"end":{"line":36,"column":1}},"line":29},"1":{"name":"getJavascriptBridgeWrapper","decl":{"start":{"line":46,"column":9},"end":{"line":46,"column":35}},"loc":{"start":{"line":46,"column":52},"end":{"line":59,"column":1}},"line":46},"2":{"name":"(anonymous_2)","decl":{"start":{"line":50,"column":37},"end":{"line":50,"column":38}},"loc":{"start":{"line":50,"column":72},"end":{"line":55,"column":5}},"line":50}},"branchMap":{"0":{"loc":{"start":{"line":31,"column":2},"end":{"line":35,"column":3}},"type":"if","locations":[{"start":{"line":31,"column":2},"end":{"line":35,"column":3}},{"start":{"line":33,"column":9},"end":{"line":35,"column":3}}],"line":31},"1":{"loc":{"start":{"line":47,"column":22},"end":{"line":47,"column":61}},"type":"binary-expr","locations":[{"start":{"line":47,"column":22},"end":{"line":47,"column":32}},{"start":{"line":47,"column":36},"end":{"line":47,"column":61}}],"line":47},"2":{"loc":{"start":{"line":48,"column":2},"end":{"line":57,"column":3}},"type":"if","locations":[{"start":{"line":48,"column":2},"end":{"line":57,"column":3}},{"start":{},"end":{}}],"line":48},"3":{"loc":{"start":{"line":51,"column":6},"end":{"line":53,"column":7}},"type":"if","locations":[{"start":{"line":51,"column":6},"end":{"line":53,"column":7}},{"start":{},"end":{}}],"line":51},"4":{"loc":{"start":{"line":51,"column":10},"end":{"line":51,"column":49}},"type":"binary-expr","locations":[{"start":{"line":51,"column":10},"end":{"line":51,"column":20}},{"start":{"line":51,"column":24},"end":{"line":51,"column":49}}],"line":51}},"s":{"0":0,"1":0,"2":0,"3":0,"4":0,"5":0,"6":0,"7":0,"8":0,"9":0,"10":0,"11":0},"f":{"0":0,"1":0,"2":0},"b":{"0":[0,0],"1":[0,0],"2":[0,0],"3":[0,0],"4":[0,0]}}
,"C:\\Users\\wskim\\workspace\\linker\\front\\react-seed-project\\src\\common\\webview\\impl\\execute.ts": {"path":"C:\\Users\\wskim\\workspace\\linker\\front\\react-seed-project\\src\\common\\webview\\impl\\execute.ts","statementMap":{"0":{"start":{"line":24,"column":19},"end":{"line":24,"column":32}},"1":{"start":{"line":25,"column":26},"end":{"line":25,"column":54}},"2":{"start":{"line":26,"column":2},"end":{"line":29,"column":3}},"3":{"start":{"line":27,"column":4},"end":{"line":27,"column":52}},"4":{"start":{"line":28,"column":4},"end":{"line":28,"column":11}},"5":{"start":{"line":30,"column":2},"end":{"line":30,"column":80}}},"fnMap":{"0":{"name":"executeNtivINF","decl":{"start":{"line":19,"column":16},"end":{"line":19,"column":30}},"loc":{"start":{"line":23,"column":2},"end":{"line":31,"column":1}},"line":23}},"branchMap":{"0":{"loc":{"start":{"line":26,"column":2},"end":{"line":29,"column":3}},"type":"if","locations":[{"start":{"line":26,"column":2},"end":{"line":29,"column":3}},{"start":{},"end":{}}],"line":26}},"s":{"0":0,"1":0,"2":0,"3":0,"4":0,"5":0},"f":{"0":0},"b":{"0":[0,0]}}
,"C:\\Users\\wskim\\workspace\\linker\\front\\react-seed-project\\src\\common\\webview\\impl\\schemeInteface.adapter.ts": {"path":"C:\\Users\\wskim\\workspace\\linker\\front\\react-seed-project\\src\\common\\webview\\impl\\schemeInteface.adapter.ts","statementMap":{"0":{"start":{"line":32,"column":22},"end":{"line":32,"column":54}},"1":{"start":{"line":33,"column":14},"end":{"line":33,"column":63}},"2":{"start":{"line":35,"column":2},"end":{"line":35,"column":22}},"3":{"start":{"line":48,"column":2},"end":{"line":50,"column":3}},"4":{"start":{"line":49,"column":4},"end":{"line":49,"column":14}},"5":{"start":{"line":51,"column":15},"end":{"line":51,"column":37}},"6":{"start":{"line":54,"column":16},"end":{"line":63,"column":8}},"7":{"start":{"line":55,"column":18},"end":{"line":55,"column":61}},"8":{"start":{"line":56,"column":18},"end":{"line":56,"column":35}},"9":{"start":{"line":57,"column":4},"end":{"line":61,"column":5}},"10":{"start":{"line":58,"column":6},"end":{"line":58,"column":24}},"11":{"start":{"line":60,"column":6},"end":{"line":60,"column":25}},"12":{"start":{"line":62,"column":4},"end":{"line":62,"column":15}},"13":{"start":{"line":65,"column":2},"end":{"line":65,"column":15}}},"fnMap":{"0":{"name":"nativeSchemeInterfaceAdapter","decl":{"start":{"line":27,"column":16},"end":{"line":27,"column":44}},"loc":{"start":{"line":31,"column":2},"end":{"line":36,"column":1}},"line":31},"1":{"name":"actionArgsToUrlQuery","decl":{"start":{"line":47,"column":9},"end":{"line":47,"column":29}},"loc":{"start":{"line":47,"column":55},"end":{"line":66,"column":1}},"line":47},"2":{"name":"(anonymous_2)","decl":{"start":{"line":54,"column":31},"end":{"line":54,"column":32}},"loc":{"start":{"line":54,"column":50},"end":{"line":63,"column":3}},"line":54}},"branchMap":{"0":{"loc":{"start":{"line":33,"column":29},"end":{"line":33,"column":61}},"type":"binary-expr","locations":[{"start":{"line":33,"column":29},"end":{"line":33,"column":40}},{"start":{"line":33,"column":44},"end":{"line":33,"column":61}}],"line":33},"1":{"loc":{"start":{"line":48,"column":2},"end":{"line":50,"column":3}},"type":"if","locations":[{"start":{"line":48,"column":2},"end":{"line":50,"column":3}},{"start":{},"end":{}}],"line":48},"2":{"loc":{"start":{"line":55,"column":18},"end":{"line":55,"column":61}},"type":"cond-expr","locations":[{"start":{"line":55,"column":36},"end":{"line":55,"column":55}},{"start":{"line":55,"column":58},"end":{"line":55,"column":61}}],"line":55},"3":{"loc":{"start":{"line":57,"column":4},"end":{"line":61,"column":5}},"type":"if","locations":[{"start":{"line":57,"column":4},"end":{"line":61,"column":5}},{"start":{"line":59,"column":11},"end":{"line":61,"column":5}}],"line":57}},"s":{"0":0,"1":0,"2":0,"3":0,"4":0,"5":0,"6":0,"7":0,"8":0,"9":0,"10":0,"11":0,"12":0,"13":0},"f":{"0":0,"1":0,"2":0},"b":{"0":[0,0],"1":[0,0],"2":[0,0],"3":[0,0]}}
,"C:\\Users\\wskim\\workspace\\linker\\front\\react-seed-project\\src\\config\\config.ts": {"path":"C:\\Users\\wskim\\workspace\\linker\\front\\react-seed-project\\src\\config\\config.ts","statementMap":{"0":{"start":{"line":148,"column":30},"end":{"line":204,"column":1}}},"fnMap":{},"branchMap":{},"s":{"0":0},"f":{},"b":{}}
,"C:\\Users\\wskim\\workspace\\linker\\front\\react-seed-project\\src\\config\\index.ts": {"path":"C:\\Users\\wskim\\workspace\\linker\\front\\react-seed-project\\src\\config\\index.ts","statementMap":{},"fnMap":{},"branchMap":{},"s":{},"f":{},"b":{}}
,"C:\\Users\\wskim\\workspace\\linker\\front\\react-seed-project\\src\\config\\helper\\buildType.ts": {"path":"C:\\Users\\wskim\\workspace\\linker\\front\\react-seed-project\\src\\config\\helper\\buildType.ts","statementMap":{"0":{"start":{"line":49,"column":16},"end":{"line":49,"column":35}},"1":{"start":{"line":50,"column":2},"end":{"line":52,"column":3}},"2":{"start":{"line":51,"column":4},"end":{"line":51,"column":42}},"3":{"start":{"line":53,"column":2},"end":{"line":53,"column":22}},"4":{"start":{"line":65,"column":2},"end":{"line":65,"column":57}}},"fnMap":{"0":{"name":"toBuildEnv","decl":{"start":{"line":48,"column":16},"end":{"line":48,"column":26}},"loc":{"start":{"line":48,"column":42},"end":{"line":54,"column":1}},"line":48},"1":{"name":"isDev","decl":{"start":{"line":64,"column":16},"end":{"line":64,"column":21}},"loc":{"start":{"line":64,"column":37},"end":{"line":66,"column":1}},"line":64}},"branchMap":{"0":{"loc":{"start":{"line":50,"column":2},"end":{"line":52,"column":3}},"type":"if","locations":[{"start":{"line":50,"column":2},"end":{"line":52,"column":3}},{"start":{},"end":{}}],"line":50},"1":{"loc":{"start":{"line":50,"column":6},"end":{"line":50,"column":37}},"type":"binary-expr","locations":[{"start":{"line":50,"column":6},"end":{"line":50,"column":11}},{"start":{"line":50,"column":15},"end":{"line":50,"column":37}}],"line":50},"2":{"loc":{"start":{"line":65,"column":11},"end":{"line":65,"column":55}},"type":"binary-expr","locations":[{"start":{"line":65,"column":11},"end":{"line":65,"column":31}},{"start":{"line":65,"column":35},"end":{"line":65,"column":55}}],"line":65}},"s":{"0":0,"1":0,"2":0,"3":0,"4":0},"f":{"0":0,"1":0},"b":{"0":[0,0],"1":[0,0],"2":[0,0]}}
,"C:\\Users\\wskim\\workspace\\linker\\front\\react-seed-project\\src\\config\\helper\\getEnv.ts": {"path":"C:\\Users\\wskim\\workspace\\linker\\front\\react-seed-project\\src\\config\\helper\\getEnv.ts","statementMap":{"0":{"start":{"line":16,"column":19},"end":{"line":16,"column":30}},"1":{"start":{"line":31,"column":40},"end":{"line":31,"column":67}},"2":{"start":{"line":31,"column":58},"end":{"line":31,"column":67}},"3":{"start":{"line":42,"column":14},"end":{"line":42,"column":52}},"4":{"start":{"line":43,"column":2},"end":{"line":43,"column":24}},"5":{"start":{"line":53,"column":2},"end":{"line":53,"column":32}},"6":{"start":{"line":61,"column":32},"end":{"line":67,"column":1}},"7":{"start":{"line":62,"column":2},"end":{"line":62,"column":27}},"8":{"start":{"line":63,"column":2},"end":{"line":65,"column":3}},"9":{"start":{"line":64,"column":4},"end":{"line":64,"column":16}},"10":{"start":{"line":66,"column":2},"end":{"line":66,"column":15}}},"fnMap":{"0":{"name":"(anonymous_0)","decl":{"start":{"line":31,"column":40},"end":{"line":31,"column":41}},"loc":{"start":{"line":31,"column":58},"end":{"line":31,"column":67}},"line":31},"1":{"name":"getEnvTo","decl":{"start":{"line":41,"column":16},"end":{"line":41,"column":24}},"loc":{"start":{"line":41,"column":77},"end":{"line":44,"column":1}},"line":41},"2":{"name":"getEnv","decl":{"start":{"line":52,"column":16},"end":{"line":52,"column":22}},"loc":{"start":{"line":52,"column":39},"end":{"line":54,"column":1}},"line":52},"3":{"name":"(anonymous_3)","decl":{"start":{"line":61,"column":32},"end":{"line":61,"column":33}},"loc":{"start":{"line":61,"column":50},"end":{"line":67,"column":1}},"line":61}},"branchMap":{"0":{"loc":{"start":{"line":31,"column":58},"end":{"line":31,"column":67}},"type":"binary-expr","locations":[{"start":{"line":31,"column":58},"end":{"line":31,"column":61}},{"start":{"line":31,"column":65},"end":{"line":31,"column":67}}],"line":31},"1":{"loc":{"start":{"line":63,"column":2},"end":{"line":65,"column":3}},"type":"if","locations":[{"start":{"line":63,"column":2},"end":{"line":65,"column":3}},{"start":{},"end":{}}],"line":63},"2":{"loc":{"start":{"line":63,"column":6},"end":{"line":63,"column":50}},"type":"binary-expr","locations":[{"start":{"line":63,"column":6},"end":{"line":63,"column":17}},{"start":{"line":63,"column":21},"end":{"line":63,"column":35}},{"start":{"line":63,"column":39},"end":{"line":63,"column":50}}],"line":63}},"s":{"0":0,"1":0,"2":0,"3":0,"4":0,"5":0,"6":0,"7":0,"8":0,"9":0,"10":0},"f":{"0":0,"1":0,"2":0,"3":0},"b":{"0":[0,0],"1":[0,0],"2":[0,0,0]}}
,"C:\\Users\\wskim\\workspace\\linker\\front\\react-seed-project\\src\\config\\helper\\getPage.ts": {"path":"C:\\Users\\wskim\\workspace\\linker\\front\\react-seed-project\\src\\config\\helper\\getPage.ts","statementMap":{"0":{"start":{"line":13,"column":2},"end":{"line":13,"column":50}},"1":{"start":{"line":13,"column":37},"end":{"line":13,"column":48}},"2":{"start":{"line":25,"column":19},"end":{"line":25,"column":77}},"3":{"start":{"line":25,"column":60},"end":{"line":25,"column":73}},"4":{"start":{"line":27,"column":2},"end":{"line":29,"column":5}},"5":{"start":{"line":28,"column":4},"end":{"line":28,"column":41}}},"fnMap":{"0":{"name":"getPageFromId","decl":{"start":{"line":12,"column":16},"end":{"line":12,"column":29}},"loc":{"start":{"line":12,"column":42},"end":{"line":14,"column":1}},"line":12},"1":{"name":"(anonymous_1)","decl":{"start":{"line":13,"column":30},"end":{"line":13,"column":31}},"loc":{"start":{"line":13,"column":37},"end":{"line":13,"column":48}},"line":13},"2":{"name":"getPageFromUrl","decl":{"start":{"line":24,"column":16},"end":{"line":24,"column":30}},"loc":{"start":{"line":24,"column":53},"end":{"line":30,"column":1}},"line":24},"3":{"name":"(anonymous_3)","decl":{"start":{"line":25,"column":53},"end":{"line":25,"column":54}},"loc":{"start":{"line":25,"column":60},"end":{"line":25,"column":73}},"line":25},"4":{"name":"(anonymous_4)","decl":{"start":{"line":27,"column":30},"end":{"line":27,"column":31}},"loc":{"start":{"line":27,"column":37},"end":{"line":29,"column":3}},"line":27}},"branchMap":{},"s":{"0":0,"1":0,"2":0,"3":0,"4":0,"5":0},"f":{"0":0,"1":0,"2":0,"3":0,"4":0},"b":{}}
,"C:\\Users\\wskim\\workspace\\linker\\front\\react-seed-project\\src\\config\\helper\\getRestApi.ts": {"path":"C:\\Users\\wskim\\workspace\\linker\\front\\react-seed-project\\src\\config\\helper\\getRestApi.ts","statementMap":{"0":{"start":{"line":26,"column":28},"end":{"line":26,"column":34}},"1":{"start":{"line":28,"column":2},"end":{"line":36,"column":3}},"2":{"start":{"line":29,"column":4},"end":{"line":29,"column":23}},"3":{"start":{"line":30,"column":9},"end":{"line":36,"column":3}},"4":{"start":{"line":31,"column":4},"end":{"line":31,"column":26}},"5":{"start":{"line":32,"column":9},"end":{"line":36,"column":3}},"6":{"start":{"line":33,"column":4},"end":{"line":33,"column":26}},"7":{"start":{"line":35,"column":4},"end":{"line":35,"column":26}}},"fnMap":{"0":{"name":"getRestApi","decl":{"start":{"line":25,"column":16},"end":{"line":25,"column":26}},"loc":{"start":{"line":25,"column":29},"end":{"line":37,"column":1}},"line":25}},"branchMap":{"0":{"loc":{"start":{"line":28,"column":2},"end":{"line":36,"column":3}},"type":"if","locations":[{"start":{"line":28,"column":2},"end":{"line":36,"column":3}},{"start":{"line":30,"column":9},"end":{"line":36,"column":3}}],"line":28},"1":{"loc":{"start":{"line":30,"column":9},"end":{"line":36,"column":3}},"type":"if","locations":[{"start":{"line":30,"column":9},"end":{"line":36,"column":3}},{"start":{"line":32,"column":9},"end":{"line":36,"column":3}}],"line":30},"2":{"loc":{"start":{"line":32,"column":9},"end":{"line":36,"column":3}},"type":"if","locations":[{"start":{"line":32,"column":9},"end":{"line":36,"column":3}},{"start":{"line":34,"column":9},"end":{"line":36,"column":3}}],"line":32}},"s":{"0":0,"1":0,"2":0,"3":0,"4":0,"5":0,"6":0,"7":0},"f":{"0":0},"b":{"0":[0,0],"1":[0,0],"2":[0,0]}}
,"C:\\Users\\wskim\\workspace\\linker\\front\\react-seed-project\\src\\config\\pages\\page.ts": {"path":"C:\\Users\\wskim\\workspace\\linker\\front\\react-seed-project\\src\\config\\pages\\page.ts","statementMap":{"0":{"start":{"line":85,"column":6},"end":{"line":85,"column":11}},"1":{"start":{"line":86,"column":17},"end":{"line":86,"column":67}},"2":{"start":{"line":87,"column":30},"end":{"line":93,"column":3}},"3":{"start":{"line":94,"column":2},"end":{"line":94,"column":14}}},"fnMap":{"0":{"name":"createPage","decl":{"start":{"line":68,"column":16},"end":{"line":68,"column":26}},"loc":{"start":{"line":76,"column":3},"end":{"line":95,"column":1}},"line":76}},"branchMap":{"0":{"loc":{"start":{"line":83,"column":4},"end":{"line":83,"column":23}},"type":"default-arg","locations":[{"start":{"line":83,"column":15},"end":{"line":83,"column":23}}],"line":83},"1":{"loc":{"start":{"line":84,"column":4},"end":{"line":84,"column":23}},"type":"default-arg","locations":[{"start":{"line":84,"column":15},"end":{"line":84,"column":23}}],"line":84},"2":{"loc":{"start":{"line":91,"column":11},"end":{"line":91,"column":24}},"type":"binary-expr","locations":[{"start":{"line":91,"column":11},"end":{"line":91,"column":16}},{"start":{"line":91,"column":20},"end":{"line":91,"column":24}}],"line":91},"3":{"loc":{"start":{"line":92,"column":14},"end":{"line":92,"column":41}},"type":"binary-expr","locations":[{"start":{"line":92,"column":14},"end":{"line":92,"column":22}},{"start":{"line":92,"column":26},"end":{"line":92,"column":41}}],"line":92}},"s":{"0":0,"1":0,"2":0,"3":0},"f":{"0":0},"b":{"0":[0],"1":[0],"2":[0,0],"3":[0,0]}}
,"C:\\Users\\wskim\\workspace\\linker\\front\\react-seed-project\\src\\config\\pages\\pages.ts": {"path":"C:\\Users\\wskim\\workspace\\linker\\front\\react-seed-project\\src\\config\\pages\\pages.ts","statementMap":{"0":{"start":{"line":59,"column":32},"end":{"line":63,"column":1}},"1":{"start":{"line":64,"column":17},"end":{"line":64,"column":40}},"2":{"start":{"line":73,"column":17},"end":{"line":73,"column":73}},"3":{"start":{"line":74,"column":17},"end":{"line":74,"column":72}},"4":{"start":{"line":75,"column":16},"end":{"line":75,"column":68}},"5":{"start":{"line":81,"column":21},"end":{"line":81,"column":50}}},"fnMap":{},"branchMap":{},"s":{"0":0,"1":0,"2":0,"3":0,"4":0,"5":0},"f":{},"b":{}}
,"C:\\Users\\wskim\\workspace\\linker\\front\\react-seed-project\\src\\config\\pages\\screen.ts": {"path":"C:\\Users\\wskim\\workspace\\linker\\front\\react-seed-project\\src\\config\\pages\\screen.ts","statementMap":{"0":{"start":{"line":77,"column":2},"end":{"line":82,"column":4}}},"fnMap":{"0":{"name":"createScreen","decl":{"start":{"line":71,"column":16},"end":{"line":71,"column":28}},"loc":{"start":{"line":76,"column":16},"end":{"line":83,"column":1}},"line":76}},"branchMap":{},"s":{"0":0},"f":{"0":0},"b":{}}
}
