TN:
SF:src\App.tsx
FN:4,App
FNF:1
FNH:1
FNDA:1,App
DA:5,1
LF:1
LH:1
BRF:0
BRH:0
end_of_record
TN:
SF:src\index.tsx
FNF:0
FNH:0
DA:7,0
DA:10,0
DA:19,0
LF:3
LH:0
BRF:0
BRH:0
end_of_record
TN:
SF:src\common\webview\index.ts
FNF:0
FNH:0
LF:0
LH:0
BRF:0
BRH:0
end_of_record
TN:
SF:src\common\webview\initialize.ts
FN:33,initInterface
FN:53,_initJavascriptInterface
FN:76,_initNativeInterface
FN:83,(anonymous_3)
FNF:4
FNH:0
FNDA:0,initInterface
FNDA:0,_initJavascriptInterface
FNDA:0,_initNativeInterface
FNDA:0,(anonymous_3)
DA:40,0
DA:41,0
DA:58,0
DA:60,0
DA:61,0
DA:62,0
DA:82,0
DA:83,0
DA:84,0
DA:85,0
DA:86,0
DA:88,0
DA:92,0
DA:99,0
DA:100,0
DA:108,0
DA:109,0
DA:111,0
DA:112,0
LF:19
LH:0
BRDA:37,0,0,0
BRDA:38,1,0,0
BRDA:56,2,0,0
BRDA:60,3,0,0
BRDA:60,3,1,0
BRDA:60,4,0,0
BRDA:60,4,1,0
BRDA:80,5,0,0
BRDA:82,6,0,0
BRDA:82,6,1,0
BRDA:84,7,0,0
BRDA:84,7,1,0
BRDA:85,8,0,0
BRDA:85,8,1,0
BRDA:90,9,0,0
BRDA:90,9,1,0
BRDA:108,10,0,0
BRDA:108,10,1,0
BRDA:111,11,0,0
BRDA:111,11,1,0
BRF:20
BRH:0
end_of_record
TN:
SF:src\common\webview\interface.ts
FN:66,(anonymous_0)
FN:77,(anonymous_1)
FN:89,(anonymous_2)
FN:117,(anonymous_3)
FN:131,(anonymous_4)
FN:171,(anonymous_5)
FN:205,(anonymous_6)
FN:225,(anonymous_7)
FNF:8
FNH:0
FNDA:0,(anonymous_0)
FNDA:0,(anonymous_1)
FNDA:0,(anonymous_2)
FNDA:0,(anonymous_3)
FNDA:0,(anonymous_4)
FNDA:0,(anonymous_5)
FNDA:0,(anonymous_6)
FNDA:0,(anonymous_7)
DA:58,0
DA:67,0
DA:78,0
DA:93,0
DA:98,0
DA:99,0
DA:104,0
DA:105,0
DA:118,0
DA:137,0
DA:138,0
DA:139,0
DA:140,0
DA:141,0
DA:142,0
DA:146,0
DA:147,0
DA:152,0
DA:153,0
DA:185,0
DA:211,0
DA:212,0
DA:229,0
DA:230,0
DA:231,0
DA:232,0
DA:233,0
DA:238,0
LF:28
LH:0
BRDA:93,0,0,0
BRDA:93,0,1,0
BRDA:134,1,0,0
BRDA:135,2,0,0
BRDA:138,3,0,0
BRDA:138,3,1,0
BRDA:140,4,0,0
BRDA:140,4,1,0
BRDA:141,5,0,0
BRDA:141,5,1,0
BRDA:146,6,0,0
BRDA:146,6,1,0
BRDA:152,7,0,0
BRDA:152,7,1,0
BRDA:183,8,0,0
BRDA:209,9,0,0
BRDA:227,10,0,0
BRDA:230,11,0,0
BRDA:230,11,1,0
BRDA:230,12,0,0
BRDA:230,12,1,0
BRF:21
BRH:0
end_of_record
TN:
SF:src\common\webview\interface.type.ts
FNF:0
FNH:0
LF:0
LH:0
BRF:0
BRH:0
end_of_record
TN:
SF:src\common\webview\type.d.ts
FNF:0
FNH:0
LF:0
LH:0
BRF:0
BRH:0
end_of_record
TN:
SF:src\common\webview\helper\eventHandler.ts
FN:10,dispatchJsEvent
FN:25,onInterfaceErrorCallback
FN:29,isJsonString
FN:45,toJson
FNF:4
FNH:0
FNDA:0,dispatchJsEvent
FNDA:0,onInterfaceErrorCallback
FNDA:0,isJsonString
FNDA:0,toJson
DA:11,0
DA:26,0
DA:30,0
DA:31,0
DA:33,0
DA:35,0
DA:46,0
DA:47,0
DA:49,0
LF:9
LH:0
BRF:0
BRH:0
end_of_record
TN:
SF:src\common\webview\helper\getInterface.ts
FN:12,getNativeInterface
FN:27,getWebInterface
FNF:2
FNH:0
FNDA:0,getNativeInterface
FNDA:0,getWebInterface
DA:13,0
DA:14,0
DA:15,0
DA:17,0
DA:28,0
DA:29,0
DA:30,0
DA:32,0
LF:8
LH:0
BRDA:13,0,0,0
BRDA:13,0,1,0
BRDA:14,1,0,0
BRDA:14,1,1,0
BRDA:14,2,0,0
BRDA:14,2,1,0
BRDA:15,3,0,0
BRDA:15,3,1,0
BRDA:28,4,0,0
BRDA:28,4,1,0
BRF:10
BRH:0
end_of_record
TN:
SF:src\common\webview\helper\getPlatform.ts
FN:10,getPlatform
FN:31,isPC
FN:45,isNative
FN:57,isIOS
FN:69,isAOS
FNF:5
FNH:0
FNDA:0,getPlatform
FNDA:0,isPC
FNDA:0,isNative
FNDA:0,isIOS
FNDA:0,isAOS
DA:11,0
DA:12,0
DA:14,0
DA:15,0
DA:16,0
DA:17,0
DA:18,0
DA:20,0
DA:32,0
DA:33,0
DA:34,0
DA:46,0
DA:58,0
DA:70,0
LF:14
LH:0
BRDA:11,0,0,0
BRDA:11,0,1,0
BRDA:15,1,0,0
BRDA:15,1,1,0
BRDA:15,2,0,0
BRDA:15,2,1,0
BRDA:17,3,0,0
BRDA:17,3,1,0
BRDA:45,4,0,0
BRDA:46,5,0,0
BRDA:46,5,1,0
BRF:11
BRH:0
end_of_record
TN:
SF:src\common\webview\impl\bridgeInterface.callee.ts
FN:26,nativeBridgeInterfaceCallee
FN:46,getJavascriptBridgeWrapper
FN:50,(anonymous_2)
FNF:3
FNH:0
FNDA:0,nativeBridgeInterfaceCallee
FNDA:0,getJavascriptBridgeWrapper
FNDA:0,(anonymous_2)
DA:30,0
DA:31,0
DA:32,0
DA:34,0
DA:47,0
DA:48,0
DA:50,0
DA:51,0
DA:52,0
DA:54,0
DA:56,0
DA:58,0
LF:12
LH:0
BRDA:31,0,0,0
BRDA:31,0,1,0
BRDA:47,1,0,0
BRDA:47,1,1,0
BRDA:48,2,0,0
BRDA:48,2,1,0
BRDA:51,3,0,0
BRDA:51,3,1,0
BRDA:51,4,0,0
BRDA:51,4,1,0
BRF:10
BRH:0
end_of_record
TN:
SF:src\common\webview\impl\execute.ts
FN:19,executeNtivINF
FNF:1
FNH:0
FNDA:0,executeNtivINF
DA:24,0
DA:25,0
DA:26,0
DA:27,0
DA:28,0
DA:30,0
LF:6
LH:0
BRDA:26,0,0,0
BRDA:26,0,1,0
BRF:2
BRH:0
end_of_record
TN:
SF:src\common\webview\impl\schemeInteface.adapter.ts
FN:27,nativeSchemeInterfaceAdapter
FN:47,actionArgsToUrlQuery
FN:54,(anonymous_2)
FNF:3
FNH:0
FNDA:0,nativeSchemeInterfaceAdapter
FNDA:0,actionArgsToUrlQuery
FNDA:0,(anonymous_2)
DA:32,0
DA:33,0
DA:35,0
DA:48,0
DA:49,0
DA:51,0
DA:54,0
DA:55,0
DA:56,0
DA:57,0
DA:58,0
DA:60,0
DA:62,0
DA:65,0
LF:14
LH:0
BRDA:33,0,0,0
BRDA:33,0,1,0
BRDA:48,1,0,0
BRDA:48,1,1,0
BRDA:55,2,0,0
BRDA:55,2,1,0
BRDA:57,3,0,0
BRDA:57,3,1,0
BRF:8
BRH:0
end_of_record
TN:
SF:src\config\config.ts
FNF:0
FNH:0
DA:148,0
LF:1
LH:0
BRF:0
BRH:0
end_of_record
TN:
SF:src\config\index.ts
FNF:0
FNH:0
LF:0
LH:0
BRF:0
BRH:0
end_of_record
TN:
SF:src\config\helper\buildType.ts
FN:48,toBuildEnv
FN:64,isDev
FNF:2
FNH:0
FNDA:0,toBuildEnv
FNDA:0,isDev
DA:49,0
DA:50,0
DA:51,0
DA:53,0
DA:65,0
LF:5
LH:0
BRDA:50,0,0,0
BRDA:50,0,1,0
BRDA:50,1,0,0
BRDA:50,1,1,0
BRDA:65,2,0,0
BRDA:65,2,1,0
BRF:6
BRH:0
end_of_record
TN:
SF:src\config\helper\getEnv.ts
FN:31,(anonymous_0)
FN:41,getEnvTo
FN:52,getEnv
FN:61,(anonymous_3)
FNF:4
FNH:0
FNDA:0,(anonymous_0)
FNDA:0,getEnvTo
FNDA:0,getEnv
FNDA:0,(anonymous_3)
DA:16,0
DA:31,0
DA:42,0
DA:43,0
DA:53,0
DA:61,0
DA:62,0
DA:63,0
DA:64,0
DA:66,0
LF:10
LH:0
BRDA:31,0,0,0
BRDA:31,0,1,0
BRDA:63,1,0,0
BRDA:63,1,1,0
BRDA:63,2,0,0
BRDA:63,2,1,0
BRDA:63,2,2,0
BRF:7
BRH:0
end_of_record
TN:
SF:src\config\helper\getPage.ts
FN:12,getPageFromId
FN:13,(anonymous_1)
FN:24,getPageFromUrl
FN:25,(anonymous_3)
FN:27,(anonymous_4)
FNF:5
FNH:0
FNDA:0,getPageFromId
FNDA:0,(anonymous_1)
FNDA:0,getPageFromUrl
FNDA:0,(anonymous_3)
FNDA:0,(anonymous_4)
DA:13,0
DA:25,0
DA:27,0
DA:28,0
LF:4
LH:0
BRF:0
BRH:0
end_of_record
TN:
SF:src\config\helper\getRestApi.ts
FN:25,getRestApi
FNF:1
FNH:0
FNDA:0,getRestApi
DA:26,0
DA:28,0
DA:29,0
DA:30,0
DA:31,0
DA:32,0
DA:33,0
DA:35,0
LF:8
LH:0
BRDA:28,0,0,0
BRDA:28,0,1,0
BRDA:30,1,0,0
BRDA:30,1,1,0
BRDA:32,2,0,0
BRDA:32,2,1,0
BRF:6
BRH:0
end_of_record
TN:
SF:src\config\pages\page.ts
FN:68,createPage
FNF:1
FNH:0
FNDA:0,createPage
DA:85,0
DA:86,0
DA:87,0
DA:94,0
LF:4
LH:0
BRDA:83,0,0,0
BRDA:84,1,0,0
BRDA:91,2,0,0
BRDA:91,2,1,0
BRDA:92,3,0,0
BRDA:92,3,1,0
BRF:6
BRH:0
end_of_record
TN:
SF:src\config\pages\pages.ts
FNF:0
FNH:0
DA:59,0
DA:64,0
DA:73,0
DA:74,0
DA:75,0
DA:81,0
LF:6
LH:0
BRF:0
BRH:0
end_of_record
TN:
SF:src\config\pages\screen.ts
FN:71,createScreen
FNF:1
FNH:0
FNDA:0,createScreen
DA:77,0
LF:1
LH:0
BRF:0
BRH:0
end_of_record
